1725627186498	geckodriver	INFO	Listening on 127.0.0.1:51093
1725627186689	mozrunner::runner	INFO	Running command: MOZ_CRASHREPORTER="1" MOZ_CRASHREPORTER_NO_REPORT="1" MOZ_CRASHREPORTER_SHUTDOWN="1" MOZ_NO_REMOTE="1" "/Use ... s" "localhost" "-foreground" "-no-remote" "-profile" "/var/folders/hf/ky9_bsts0h51fhdnzbtd5k840000gn/T/rust_mozprofile50Appk"
console.warn: services.settings: Ignoring preference override of remote settings server
console.warn: services.settings: Allow by setting MOZ_REMOTE_SETTINGS_DEVTOOLS=1 in the environment
1725627198620	Marionette	INFO	Marionette enabled
2024-09-06 14:53:19.149 plugin-container[23521:296230] nil host used in call to allowsSpecificHTTPSCertificateForHost
2024-09-06 14:53:19.150 plugin-container[23521:296230] nil host used in call to allowsAnyHTTPSCertificateForHost:
console.error: "Warning: unrecognized command line flag" "-remote-allow-hosts"
1725627199285	Marionette	INFO	Listening on port 51117
WebDriver BiDi listening on ws://127.0.0.1:51094
2024-09-06 14:53:19.364 plugin-container[23521:296230] nil host used in call to allowsSpecificHTTPSCertificateForHost
2024-09-06 14:53:19.364 plugin-container[23521:296230] nil host used in call to allowsAnyHTTPSCertificateForHost:
2024-09-06 14:53:19.365 plugin-container[23521:296232] nil host used in call to allowsSpecificHTTPSCertificateForHost
2024-09-06 14:53:19.365 plugin-container[23521:296232] nil host used in call to allowsAnyHTTPSCertificateForHost:
Read port: 51117
1725627199761	RemoteAgent	WARN	TLS certificate errors will be ignored for this session
DevTools listening on ws://127.0.0.1:51094/devtools/browser/4856f705-5e94-4040-9925-fd4228f88d62
2024-09-06 12:53:21.991 plugin-container[23543:296509] nil host used in call to allowsSpecificHTTPSCertificateForHost
2024-09-06 12:53:21.992 plugin-container[23543:296509] nil host used in call to allowsAnyHTTPSCertificateForHost:
2024-09-06 12:53:22.000 plugin-container[23543:296509] nil host used in call to allowsSpecificHTTPSCertificateForHost
2024-09-06 12:53:22.000 plugin-container[23543:296509] nil host used in call to allowsAnyHTTPSCertificateForHost:
2024-09-06 12:53:22.001 plugin-container[23543:296536] nil host used in call to allowsSpecificHTTPSCertificateForHost
2024-09-06 12:53:22.001 plugin-container[23543:296536] nil host used in call to allowsAnyHTTPSCertificateForHost:
JavaScript error: resource:///modules/sessionstore/SessionStore.sys.mjs, line 3590: TypeError: this._windows[aWindow.__SSi] is undefined
1725627251579	Marionette	INFO	Stopped listening on port 51117
console.error: "Failed to fetch https://spocs.getpocket.com/user:" "NetworkError when attempting to fetch resource."
console.warn: TopSitesFeed: Failed to fetch data from Contile server: NetworkError when attempting to fetch resource.
JavaScript error: resource://services-settings/RemoteSettingsClient.sys.mjs, line 100: Error: Unknown callback
JavaScript error: , line 0: TypeError: NetworkError when attempting to fetch resource.
JavaScript error: , line 0: TypeError: NetworkError when attempting to fetch resource.
